Building DAG of jobs...
IncompleteFilesException:
The files below seem to be incomplete. If you are sure that certain files are not incomplete, mark them as complete with

    snakemake --cleanup-metadata <filenames>

To re-generate the files rerun your command with the --rerun-incomplete flag.
Incomplete files:
workflow/envs/celloracle.sif
workflow/envs/gretabench.sif
workflow/envs/dictys.txt
workflow/envs/figr.sif
workflow/envs/granie.sif
dbs/hg38/gen/motif/granie
workflow/envs/pando.sif
workflow/envs/scenicplus.sif
dbs/hg38/gen/motif/scenicplus/human_motif_SCREEN.regions_vs_motifs.rankings.feather
dbs/hg38/gen/motif/scenicplus/human_motif_SCREEN.regions_vs_motifs.scores.feather
dbs/mm10/gen/motif/scenicplus/mouse_motif_SCREEN.regions_vs_motifs.rankings.feather
dbs/mm10/gen/motif/scenicplus/mouse_motif_SCREEN.regions_vs_motifs.scores.feather
dbs/hg38/gen/motif/scenicplus/motifs-v10nr_clust/nr.hgnc-m0.001-o0.0.tbl
dbs/mm10/gen/motif/scenicplus/motifs-v10nr_clust/nr.mgi-m0.001-o0.0.tbl
dbs/hg38/gen/tfs/scenic.csv
dbs/hg38/gen/motif/scenic/hg38_500bp_up_100bp_down_full_tx_v10_clust.genes_vs_motifs.rankings.feather
dbs/hg38/gen/motif/scenic/hg38_10kbp_up_10kbp_down_full_tx_v10_clust.genes_vs_motifs.rankings.feather
